<?xml version="1.0" encoding="UTF-8"?>
<!-- Generated by org.testng.reporters.JUnitReportReporter -->
<testsuite hostname="DESKTOP-RF3OKJP" name="RETC_043" tests="1" failures="0" timestamp="16 Oct 2020 17:17:20 GMT" time="39.652" errors="0">
  <testcase name="test" time="39.652" classname="RETC_043"/>
</testsuite> <!-- RETC_043 -->
