<?xml version="1.0" encoding="UTF-8"?>
<!-- Generated by org.testng.reporters.JUnitReportReporter -->
<testsuite hostname="DESKTOP-RF3OKJP" name="LoginTests" tests="1" failures="0" timestamp="16 Oct 2020 11:37:54 GMT" time="16.802" errors="0">
  <testcase name="validLoginTest" time="16.802" classname="LoginTests"/>
</testsuite> <!-- LoginTests -->
