<?xml version="1.0" encoding="UTF-8"?>
<!-- Generated by org.testng.reporters.JUnitReportReporter -->
<testsuite hostname="DESKTOP-RF3OKJP" name="RETC_044" tests="1" failures="0" timestamp="17 Oct 2020 13:56:09 GMT" time="69.999" errors="0">
  <testcase name="test" time="69.999" classname="RETC_044"/>
</testsuite> <!-- RETC_044 -->
