<?xml version="1.0" encoding="UTF-8"?>
<!-- Generated by org.testng.reporters.JUnitReportReporter -->
<testsuite hostname="DESKTOP-RF3OKJP" name="RETC_045" tests="1" failures="0" timestamp="17 Oct 2020 17:56:03 GMT" time="101.627" errors="0">
  <testcase name="test" time="101.627" classname="RETC_045"/>
</testsuite> <!-- RETC_045 -->
